<?xml version="1.0" encoding="UTF-8"?>
<!-- Generated by org.testng.reporters.JUnitXMLReporter -->
<testsuite hostname="GillesZannou" name="Test" tests="1" failures="1" timestamp="19 Nov 2019 04:54:23 GMT" time="29.679" errors="0">
  <testcase name="ReadData" time="0.006" classname="AdvancedDemo.ReadExcel">
    <failure type="java.lang.Error" message="Unresolved compilation problems: 
	Cell cannot be resolved to a variable
	Cell cannot be resolved to a variable
">
      <![CDATA[java.lang.Error: Unresolved compilation problems: 
	Cell cannot be resolved to a variable
	Cell cannot be resolved to a variable

	at AdvancedDemo.ReadExcel.ReadData(ReadExcel.java:90)
... Removed 25 stack frames]]>
    </failure>
  </testcase> <!-- ReadData -->
</testsuite> <!-- Test -->
